<?xml version="1.0" encoding="UTF-8"?>
<coverage generated="1622830701320" clover="3.2.0">
  <project timestamp="1622830701320" name="All files">
    <metrics statements="7" coveredstatements="7" conditionals="0" coveredconditionals="0" methods="1" coveredmethods="1" elements="8" coveredelements="8" complexity="0" loc="7" ncloc="7" packages="1" files="1" classes="1"/>
    <file name="avatar.js" path="/home/thiago/Documents/projetos/TMX/tmx-moon/src/js/avatar.js">
      <metrics statements="7" coveredstatements="7" conditionals="0" coveredconditionals="0" methods="1" coveredmethods="1"/>
      <line num="2" count="1" type="stmt"/>
      <line num="3" count="1" type="stmt"/>
      <line num="4" count="1" type="stmt"/>
      <line num="5" count="1" type="stmt"/>
      <line num="6" count="1" type="stmt"/>
      <line num="7" count="1" type="stmt"/>
      <line num="9" count="1" type="stmt"/>
    </file>
  </project>
</coverage>
